{
  "stats": {
    "suites": 1,
    "tests": 1,
    "passes": 1,
    "pending": 0,
    "failures": 0,
    "start": "2023-10-16T11:46:10.001Z",
    "end": "2023-10-16T11:46:14.170Z",
    "duration": 4169,
    "testsRegistered": 1,
    "passPercent": 100,
    "pendingPercent": 0,
    "other": 0,
    "hasOther": false,
    "skipped": 0,
    "hasSkipped": false
  },
  "results": [
    {
      "uuid": "ecfb56fd-75ae-4610-b78b-6c7b7cd555c3",
      "title": "",
      "fullFile": "cypress/e2e/first test.cy.js",
      "file": "cypress/e2e/first test.cy.js",
      "beforeHooks": [],
      "afterHooks": [],
      "tests": [],
      "suites": [
        {
          "uuid": "76747397-80c5-4227-8c2d-8ad5259b1885",
          "title": "First Spec",
          "fullFile": "",
          "file": "",
          "beforeHooks": [],
          "afterHooks": [],
          "tests": [
            {
              "title": "verify gmail",
              "fullTitle": "First Spec verify gmail",
              "timedOut": null,
              "duration": 1271,
              "state": "passed",
              "speed": "fast",
              "pass": true,
              "fail": false,
              "pending": false,
              "context": null,
              "code": "cy.visit('https://www.gmail.com');",
              "err": {},
              "uuid": "74290aa6-770c-4d68-b4c2-8605193445cc",
              "parentUUID": "76747397-80c5-4227-8c2d-8ad5259b1885",
              "isHook": false,
              "skipped": false
            }
          ],
          "suites": [],
          "passes": [
            "74290aa6-770c-4d68-b4c2-8605193445cc"
          ],
          "failures": [],
          "pending": [],
          "skipped": [],
          "duration": 1271,
          "root": false,
          "rootEmpty": false,
          "_timeout": 2000
        }
      ],
      "passes": [],
      "failures": [],
      "pending": [],
      "skipped": [],
      "duration": 0,
      "root": true,
      "rootEmpty": true,
      "_timeout": 2000
    }
  ],
  "meta": {
    "mocha": {
      "version": "7.0.1"
    },
    "mochawesome": {
      "options": {
        "quiet": false,
        "reportFilename": "mochawesome",
        "saveHtml": false,
        "saveJson": true,
        "consoleReporter": "spec",
        "useInlineDiffs": false,
        "code": true
      },
      "version": "7.1.3"
    },
    "marge": {
      "options": {
        "overwrite": false,
        "html": false,
        "json": true,
        "reportDir": "cypress/reports/html/.jsons"
      },
      "version": "6.2.0"
    }
  }
}